setting up Miniconda...
activating virtual env...
current conda environment: basic310
activating ssh connection...
Agent pid 2680021
Identity added: /home/11864265/.ssh/id_ed25519 (11864265@fnwi-h0.science.uva.nl)
parsing input arguments...
Branch: feature/retrain
fetching and pulling latest changes from remote dir...
Already up to date.
retraining the models...
Creating output dir
Running script for version 0.3
2
1
Generated datasets with the lengths of: 800000 (train), 100000, (dev), and 100000 (test)
Map:   0%|          | 0/800000 [00:00<?, ? examples/s]Map:   0%|          | 1000/800000 [00:00<01:21, 9845.16 examples/s]Map:   0%|          | 3000/800000 [00:00<01:09, 11439.31 examples/s]Map:   1%|          | 5000/800000 [00:00<01:33, 8524.69 examples/s] Map:   1%|          | 7000/800000 [00:00<01:21, 9765.47 examples/s]Map:   1%|          | 9000/800000 [00:00<01:14, 10573.69 examples/s]Map:   1%|▏         | 11000/800000 [00:01<01:10, 11115.28 examples/s]Map:   2%|▏         | 13000/800000 [00:01<01:08, 11467.70 examples/s]Map:   2%|▏         | 15000/800000 [00:01<01:07, 11712.99 examples/s]Map:   2%|▏         | 17000/800000 [00:01<01:06, 11845.48 examples/s]Map:   2%|▏         | 19000/800000 [00:01<01:05, 11979.34 examples/s]Map:   3%|▎         | 21000/800000 [00:01<01:04, 12084.94 examples/s]Map:   3%|▎         | 23000/800000 [00:02<01:04, 12096.48 examples/s]Map:   3%|▎         | 25000/800000 [00:02<01:03, 12142.50 examples/s]Map:   3%|▎         | 27000/800000 [00:02<01:03, 12219.38 examples/s]Map:   4%|▎         | 29000/800000 [00:02<01:03, 12185.35 examples/s]Map:   4%|▍         | 31000/800000 [00:02<01:03, 12198.43 examples/s]Map:   4%|▍         | 33000/800000 [00:02<01:03, 12064.70 examples/s]Map:   4%|▍         | 35000/800000 [00:03<01:03, 12089.41 examples/s]Map:   5%|▍         | 37000/800000 [00:03<01:03, 12106.42 examples/s]Map:   5%|▍         | 39000/800000 [00:03<01:02, 12155.54 examples/s]Map:   5%|▌         | 41000/800000 [00:03<01:02, 12213.52 examples/s]Map:   5%|▌         | 43000/800000 [00:03<01:02, 12176.24 examples/s]Map:   6%|▌         | 45000/800000 [00:03<01:01, 12224.52 examples/s]Map:   6%|▌         | 47000/800000 [00:03<01:01, 12260.73 examples/s]Map:   6%|▌         | 49000/800000 [00:04<01:01, 12241.30 examples/s]Map:   6%|▋         | 51000/800000 [00:04<01:01, 12230.16 examples/s]Map:   7%|▋         | 53000/800000 [00:04<01:01, 12215.79 examples/s]Map:   7%|▋         | 55000/800000 [00:04<01:00, 12249.70 examples/s]Map:   7%|▋         | 57000/800000 [00:04<01:00, 12244.97 examples/s]Map:   7%|▋         | 59000/800000 [00:04<01:00, 12283.77 examples/s]Map:   8%|▊         | 61000/800000 [00:05<01:00, 12288.98 examples/s]Map:   8%|▊         | 63000/800000 [00:05<01:00, 12277.68 examples/s]Map:   8%|▊         | 65000/800000 [00:05<01:00, 12129.62 examples/s]Map:   8%|▊         | 67000/800000 [00:05<01:00, 12181.02 examples/s]Map:   9%|▊         | 69000/800000 [00:05<00:59, 12187.76 examples/s]Map:   9%|▉         | 71000/800000 [00:05<00:59, 12171.39 examples/s]Map:   9%|▉         | 73000/800000 [00:06<00:59, 12170.49 examples/s]Map:   9%|▉         | 75000/800000 [00:06<00:59, 12180.07 examples/s]Map:  10%|▉         | 77000/800000 [00:06<00:59, 12211.95 examples/s]Map:  10%|▉         | 79000/800000 [00:06<00:59, 12182.99 examples/s]Map:  10%|█         | 81000/800000 [00:06<00:58, 12228.29 examples/s]Map:  10%|█         | 83000/800000 [00:06<00:58, 12279.05 examples/s]Map:  11%|█         | 85000/800000 [00:07<00:58, 12273.45 examples/s]Map:  11%|█         | 87000/800000 [00:07<00:58, 12260.95 examples/s]Map:  11%|█         | 89000/800000 [00:07<00:57, 12285.97 examples/s]Map:  11%|█▏        | 91000/800000 [00:07<00:57, 12305.13 examples/s]Map:  12%|█▏        | 93000/800000 [00:07<00:57, 12246.71 examples/s]Map:  12%|█▏        | 95000/800000 [00:07<00:57, 12247.97 examples/s]Map:  12%|█▏        | 97000/800000 [00:08<00:57, 12261.33 examples/s]Map:  12%|█▏        | 99000/800000 [00:08<00:57, 12232.99 examples/s]Map:  13%|█▎        | 101000/800000 [00:08<00:57, 12129.54 examples/s]Map:  13%|█▎        | 103000/800000 [00:08<00:57, 12154.50 examples/s]Map:  13%|█▎        | 105000/800000 [00:08<00:57, 12191.56 examples/s]Map:  13%|█▎        | 107000/800000 [00:08<00:56, 12200.52 examples/s]Map:  14%|█▎        | 109000/800000 [00:09<00:56, 12213.72 examples/s]Map:  14%|█▍        | 111000/800000 [00:09<00:56, 12228.08 examples/s]Map:  14%|█▍        | 113000/800000 [00:09<00:56, 12212.60 examples/s]Map:  14%|█▍        | 115000/800000 [00:09<00:55, 12233.18 examples/s]Map:  15%|█▍        | 117000/800000 [00:09<00:55, 12233.35 examples/s]Map:  15%|█▍        | 119000/800000 [00:10<01:10, 9680.11 examples/s] Map:  15%|█▌        | 121000/800000 [00:10<01:05, 10315.19 examples/s]Map:  15%|█▌        | 123000/800000 [00:10<01:02, 10859.69 examples/s]Map:  16%|█▌        | 125000/800000 [00:10<00:59, 11253.39 examples/s]Map:  16%|█▌        | 127000/800000 [00:10<00:58, 11482.54 examples/s]Map:  16%|█▌        | 129000/800000 [00:10<00:57, 11742.73 examples/s]Map:  16%|█▋        | 131000/800000 [00:11<00:56, 11873.19 examples/s]Map:  17%|█▋        | 133000/800000 [00:11<00:55, 11982.86 examples/s]Map:  17%|█▋        | 135000/800000 [00:11<00:55, 12021.34 examples/s]Map:  17%|█▋        | 137000/800000 [00:11<00:54, 12089.20 examples/s]Map:  17%|█▋        | 139000/800000 [00:11<00:54, 12104.00 examples/s]Map:  18%|█▊        | 141000/800000 [00:11<00:55, 11968.43 examples/s]Map:  18%|█▊        | 143000/800000 [00:12<00:54, 12004.94 examples/s]Map:  18%|█▊        | 145000/800000 [00:12<00:54, 12103.27 examples/s]Map:  18%|█▊        | 147000/800000 [00:12<00:53, 12120.04 examples/s]Map:  19%|█▊        | 149000/800000 [00:12<00:53, 12166.84 examples/s]Map:  19%|█▉        | 151000/800000 [00:12<00:53, 12192.79 examples/s]Map:  19%|█▉        | 153000/800000 [00:12<00:52, 12225.29 examples/s]Map:  19%|█▉        | 155000/800000 [00:12<00:52, 12184.75 examples/s]Map:  20%|█▉        | 157000/800000 [00:13<00:52, 12197.34 examples/s]Map:  20%|█▉        | 159000/800000 [00:13<00:52, 12184.53 examples/s]Map:  20%|██        | 161000/800000 [00:13<00:52, 12190.33 examples/s]Map:  20%|██        | 163000/800000 [00:13<00:52, 12219.28 examples/s]Map:  21%|██        | 165000/800000 [00:13<00:51, 12256.08 examples/s]Map:  21%|██        | 167000/800000 [00:13<00:51, 12287.73 examples/s]Map:  21%|██        | 169000/800000 [00:14<00:51, 12260.91 examples/s]Map:  21%|██▏       | 171000/800000 [00:14<00:51, 12263.65 examples/s]Map:  22%|██▏       | 173000/800000 [00:14<00:51, 12281.89 examples/s]Map:  22%|██▏       | 175000/800000 [00:14<00:50, 12255.21 examples/s]Map:  22%|██▏       | 177000/800000 [00:14<00:50, 12246.81 examples/s]Map:  22%|██▏       | 179000/800000 [00:14<00:50, 12260.31 examples/s]Map:  23%|██▎       | 181000/800000 [00:15<01:03, 9681.41 examples/s] Map:  23%|██▎       | 183000/800000 [00:15<00:59, 10302.67 examples/s]Map:  23%|██▎       | 185000/800000 [00:15<00:56, 10825.09 examples/s]Map:  23%|██▎       | 187000/800000 [00:15<00:54, 11183.94 examples/s]Map:  24%|██▎       | 189000/800000 [00:15<00:53, 11470.68 examples/s]Map:  24%|██▍       | 191000/800000 [00:16<00:52, 11608.57 examples/s]Map:  24%|██▍       | 193000/800000 [00:16<00:52, 11586.56 examples/s]Map:  24%|██▍       | 195000/800000 [00:16<00:51, 11763.47 examples/s]Map:  25%|██▍       | 197000/800000 [00:16<00:50, 11902.69 examples/s]Map:  25%|██▍       | 199000/800000 [00:16<00:50, 11960.08 examples/s]Map:  25%|██▌       | 201000/800000 [00:16<00:49, 12056.89 examples/s]Map:  25%|██▌       | 203000/800000 [00:17<00:49, 12112.02 examples/s]Map:  26%|██▌       | 205000/800000 [00:17<00:48, 12155.77 examples/s]Map:  26%|██▌       | 207000/800000 [00:17<00:48, 12178.65 examples/s]Map:  26%|██▌       | 209000/800000 [00:17<00:48, 12190.01 examples/s]Map:  26%|██▋       | 211000/800000 [00:17<00:48, 12160.18 examples/s]Map:  27%|██▋       | 213000/800000 [00:17<00:48, 12142.49 examples/s]Map:  27%|██▋       | 215000/800000 [00:18<00:48, 12171.33 examples/s]Map:  27%|██▋       | 217000/800000 [00:18<00:47, 12155.80 examples/s]Map:  27%|██▋       | 219000/800000 [00:18<00:47, 12179.25 examples/s]Map:  28%|██▊       | 221000/800000 [00:18<00:47, 12181.61 examples/s]Map:  28%|██▊       | 223000/800000 [00:18<00:47, 12157.70 examples/s]Map:  28%|██▊       | 225000/800000 [00:18<00:47, 12171.58 examples/s]Map:  28%|██▊       | 227000/800000 [00:19<00:47, 12171.17 examples/s]Map:  29%|██▊       | 229000/800000 [00:19<00:47, 12128.75 examples/s]Map:  29%|██▉       | 231000/800000 [00:19<00:46, 12128.60 examples/s]Map:  29%|██▉       | 233000/800000 [00:19<00:59, 9583.43 examples/s] Map:  29%|██▉       | 235000/800000 [00:19<00:55, 10223.50 examples/s]Map:  30%|██▉       | 237000/800000 [00:20<00:52, 10781.96 examples/s]Map:  30%|██▉       | 239000/800000 [00:20<00:50, 11139.45 examples/s]Map:  30%|███       | 241000/800000 [00:20<00:48, 11418.41 examples/s]Map:  30%|███       | 243000/800000 [00:20<00:47, 11624.88 examples/s]Map:  31%|███       | 245000/800000 [00:20<00:47, 11798.94 examples/s]Map:  31%|███       | 247000/800000 [00:20<00:46, 11910.10 examples/s]Map:  31%|███       | 249000/800000 [00:20<00:45, 12021.39 examples/s]Map:  31%|███▏      | 251000/800000 [00:21<00:45, 12065.94 examples/s]Map:  32%|███▏      | 253000/800000 [00:21<00:45, 11919.86 examples/s]Map:  32%|███▏      | 255000/800000 [00:21<00:45, 12005.62 examples/s]Map:  32%|███▏      | 257000/800000 [00:21<00:44, 12086.57 examples/s]Map:  32%|███▏      | 259000/800000 [00:21<00:44, 12084.21 examples/s]Map:  33%|███▎      | 261000/800000 [00:21<00:44, 12106.60 examples/s]Map:  33%|███▎      | 263000/800000 [00:22<00:44, 12160.83 examples/s]Map:  33%|███▎      | 265000/800000 [00:22<00:44, 12154.31 examples/s]Map:  33%|███▎      | 267000/800000 [00:22<00:43, 12150.35 examples/s]Map:  34%|███▎      | 269000/800000 [00:22<00:43, 12107.10 examples/s]Map:  34%|███▍      | 271000/800000 [00:22<00:43, 12148.13 examples/s]Map:  34%|███▍      | 273000/800000 [00:22<00:43, 12153.34 examples/s]Map:  34%|███▍      | 275000/800000 [00:23<00:54, 9604.32 examples/s] Map:  35%|███▍      | 277000/800000 [00:23<00:50, 10257.33 examples/s]Map:  35%|███▍      | 279000/800000 [00:23<00:48, 10821.31 examples/s]Map:  35%|███▌      | 281000/800000 [00:23<00:46, 11185.54 examples/s]Map:  35%|███▌      | 283000/800000 [00:23<00:44, 11516.13 examples/s]Map:  36%|███▌      | 285000/800000 [00:24<00:43, 11737.55 examples/s]Map:  36%|███▌      | 287000/800000 [00:24<00:43, 11868.54 examples/s]Map:  36%|███▌      | 289000/800000 [00:24<00:42, 11980.36 examples/s]Map:  36%|███▋      | 291000/800000 [00:24<00:42, 12081.42 examples/s]Map:  37%|███▋      | 293000/800000 [00:24<00:41, 12111.12 examples/s]Map:  37%|███▋      | 295000/800000 [00:24<00:41, 12145.59 examples/s]Map:  37%|███▋      | 297000/800000 [00:25<00:41, 12172.04 examples/s]Map:  37%|███▋      | 299000/800000 [00:25<00:41, 12197.13 examples/s]Map:  38%|███▊      | 301000/800000 [00:25<00:40, 12180.53 examples/s]Map:  38%|███▊      | 303000/800000 [00:25<00:40, 12192.89 examples/s]Map:  38%|███▊      | 305000/800000 [00:25<00:40, 12218.69 examples/s]Map:  38%|███▊      | 307000/800000 [00:25<00:40, 12219.90 examples/s]Map:  39%|███▊      | 309000/800000 [00:26<00:40, 12185.44 examples/s]Map:  39%|███▉      | 311000/800000 [00:26<00:40, 12223.99 examples/s]Map:  39%|███▉      | 313000/800000 [00:26<00:39, 12233.29 examples/s]Map:  39%|███▉      | 315000/800000 [00:26<00:39, 12201.29 examples/s]Map:  40%|███▉      | 317000/800000 [00:26<00:39, 12224.05 examples/s]Map:  40%|███▉      | 319000/800000 [00:26<00:39, 12208.59 examples/s]Map:  40%|████      | 321000/800000 [00:27<00:39, 12201.31 examples/s]Map:  40%|████      | 323000/800000 [00:27<00:39, 12214.18 examples/s]Map:  41%|████      | 325000/800000 [00:27<00:38, 12207.81 examples/s]Map:  41%|████      | 327000/800000 [00:27<00:38, 12236.16 examples/s]Map:  41%|████      | 329000/800000 [00:27<00:38, 12270.27 examples/s]Map:  41%|████▏     | 331000/800000 [00:27<00:38, 12240.05 examples/s]Map:  42%|████▏     | 333000/800000 [00:28<00:38, 12066.88 examples/s]Map:  42%|████▏     | 335000/800000 [00:28<00:38, 12111.15 examples/s]Map:  42%|████▏     | 337000/800000 [00:28<00:38, 12101.76 examples/s]Map:  42%|████▏     | 339000/800000 [00:28<00:37, 12153.07 examples/s]Map:  43%|████▎     | 341000/800000 [00:28<00:37, 12221.46 examples/s]Map:  43%|████▎     | 343000/800000 [00:28<00:37, 12250.40 examples/s]Map:  43%|████▎     | 345000/800000 [00:29<00:37, 12191.51 examples/s]Map:  43%|████▎     | 347000/800000 [00:29<00:36, 12250.25 examples/s]Map:  44%|████▎     | 349000/800000 [00:29<00:37, 12183.99 examples/s]Map:  44%|████▍     | 351000/800000 [00:29<00:36, 12184.18 examples/s]Map:  44%|████▍     | 353000/800000 [00:29<00:36, 12205.81 examples/s]Map:  44%|████▍     | 355000/800000 [00:29<00:36, 12193.49 examples/s]Map:  45%|████▍     | 357000/800000 [00:29<00:36, 12246.84 examples/s]Map:  45%|████▍     | 359000/800000 [00:30<00:36, 12207.80 examples/s]Map:  45%|████▌     | 361000/800000 [00:30<00:35, 12197.92 examples/s]Map:  45%|████▌     | 363000/800000 [00:30<00:35, 12222.19 examples/s]Map:  46%|████▌     | 365000/800000 [00:30<00:35, 12130.59 examples/s]Map:  46%|████▌     | 367000/800000 [00:30<00:35, 12157.59 examples/s]Map:  46%|████▌     | 369000/800000 [00:30<00:35, 12202.85 examples/s]Map:  46%|████▋     | 371000/800000 [00:31<00:35, 12250.84 examples/s]Map:  47%|████▋     | 373000/800000 [00:31<00:34, 12227.80 examples/s]Map:  47%|████▋     | 375000/800000 [00:31<00:34, 12260.63 examples/s]Map:  47%|████▋     | 377000/800000 [00:31<00:34, 12312.20 examples/s]Map:  47%|████▋     | 379000/800000 [00:31<00:34, 12301.67 examples/s]Map:  48%|████▊     | 381000/800000 [00:31<00:34, 12317.12 examples/s]Map:  48%|████▊     | 383000/800000 [00:32<00:33, 12313.57 examples/s]Map:  48%|████▊     | 385000/800000 [00:32<00:33, 12299.66 examples/s]Map:  48%|████▊     | 387000/800000 [00:32<00:46, 8847.05 examples/s] Map:  49%|████▊     | 389000/800000 [00:32<00:51, 8028.81 examples/s]Map:  49%|████▉     | 391000/800000 [00:33<00:45, 8943.08 examples/s]Map:  49%|████▉     | 393000/800000 [00:33<00:42, 9680.50 examples/s]Map:  49%|████▉     | 395000/800000 [00:33<00:39, 10333.94 examples/s]Map:  50%|████▉     | 397000/800000 [00:33<00:37, 10859.05 examples/s]Map:  50%|████▉     | 399000/800000 [00:33<00:35, 11281.66 examples/s]Map:  50%|█████     | 401000/800000 [00:33<00:34, 11563.65 examples/s]Map:  50%|█████     | 403000/800000 [00:34<00:33, 11793.30 examples/s]Map:  51%|█████     | 405000/800000 [00:34<00:33, 11934.39 examples/s]Map:  51%|█████     | 407000/800000 [00:34<00:32, 12033.70 examples/s]Map:  51%|█████     | 409000/800000 [00:34<00:32, 12130.07 examples/s]Map:  51%|█████▏    | 411000/800000 [00:34<00:31, 12220.62 examples/s]Map:  52%|█████▏    | 413000/800000 [00:34<00:31, 12265.05 examples/s]Map:  52%|█████▏    | 415000/800000 [00:35<00:31, 12217.97 examples/s]Map:  52%|█████▏    | 417000/800000 [00:35<00:31, 12281.49 examples/s]Map:  52%|█████▏    | 419000/800000 [00:35<00:30, 12312.33 examples/s]Map:  53%|█████▎    | 421000/800000 [00:35<00:30, 12301.66 examples/s]Map:  53%|█████▎    | 423000/800000 [00:35<00:30, 12341.57 examples/s]Map:  53%|█████▎    | 425000/800000 [00:35<00:30, 12308.59 examples/s]Map:  53%|█████▎    | 427000/800000 [00:36<00:30, 12291.04 examples/s]Map:  54%|█████▎    | 429000/800000 [00:36<00:30, 12112.65 examples/s]Map:  54%|█████▍    | 431000/800000 [00:36<00:30, 12136.53 examples/s]Map:  54%|█████▍    | 433000/800000 [00:36<00:30, 12184.95 examples/s]Map:  54%|█████▍    | 435000/800000 [00:36<00:29, 12200.47 examples/s]Map:  55%|█████▍    | 437000/800000 [00:36<00:29, 12213.27 examples/s]Map:  55%|█████▍    | 439000/800000 [00:37<00:29, 12239.93 examples/s]Map:  55%|█████▌    | 441000/800000 [00:37<00:29, 12282.91 examples/s]Map:  55%|█████▌    | 443000/800000 [00:37<00:29, 12260.21 examples/s]Map:  56%|█████▌    | 445000/800000 [00:37<00:28, 12323.89 examples/s]Map:  56%|█████▌    | 447000/800000 [00:37<00:28, 12352.87 examples/s]Map:  56%|█████▌    | 449000/800000 [00:37<00:28, 12300.68 examples/s]Map:  56%|█████▋    | 451000/800000 [00:38<00:28, 12269.20 examples/s]Map:  57%|█████▋    | 453000/800000 [00:38<00:35, 9760.98 examples/s] Map:  57%|█████▋    | 455000/800000 [00:38<00:33, 10397.97 examples/s]Map:  57%|█████▋    | 457000/800000 [00:38<00:31, 10900.73 examples/s]Map:  57%|█████▋    | 459000/800000 [00:38<00:30, 11287.79 examples/s]Map:  58%|█████▊    | 461000/800000 [00:38<00:29, 11540.95 examples/s]Map:  58%|█████▊    | 463000/800000 [00:39<00:28, 11733.86 examples/s]Map:  58%|█████▊    | 465000/800000 [00:39<00:28, 11916.46 examples/s]Map:  58%|█████▊    | 467000/800000 [00:39<00:27, 12025.45 examples/s]Map:  59%|█████▊    | 469000/800000 [00:39<00:27, 12122.61 examples/s]Map:  59%|█████▉    | 471000/800000 [00:39<00:27, 12173.92 examples/s]Map:  59%|█████▉    | 473000/800000 [00:39<00:26, 12237.63 examples/s]Map:  59%|█████▉    | 475000/800000 [00:40<00:26, 12263.25 examples/s]Map:  60%|█████▉    | 477000/800000 [00:40<00:26, 12251.69 examples/s]Map:  60%|█████▉    | 479000/800000 [00:40<00:26, 12276.74 examples/s]Map:  60%|██████    | 481000/800000 [00:40<00:26, 12260.54 examples/s]Map:  60%|██████    | 483000/800000 [00:40<00:25, 12293.56 examples/s]Map:  61%|██████    | 485000/800000 [00:40<00:25, 12263.02 examples/s]Map:  61%|██████    | 487000/800000 [00:41<00:25, 12300.82 examples/s]Map:  61%|██████    | 489000/800000 [00:41<00:25, 12319.30 examples/s]Map:  61%|██████▏   | 491000/800000 [00:41<00:25, 12298.87 examples/s]Map:  62%|██████▏   | 493000/800000 [00:41<00:25, 12274.41 examples/s]Map:  62%|██████▏   | 495000/800000 [00:41<00:24, 12289.85 examples/s]Map:  62%|██████▏   | 497000/800000 [00:41<00:24, 12273.43 examples/s]Map:  62%|██████▏   | 499000/800000 [00:42<00:24, 12278.90 examples/s]Map:  63%|██████▎   | 501000/800000 [00:42<00:24, 12294.02 examples/s]Map:  63%|██████▎   | 503000/800000 [00:42<00:27, 10636.48 examples/s]Map:  63%|██████▎   | 505000/800000 [00:42<00:26, 11075.23 examples/s]Map:  63%|██████▎   | 507000/800000 [00:42<00:25, 11384.51 examples/s]Map:  64%|██████▎   | 509000/800000 [00:42<00:25, 11627.03 examples/s]Map:  64%|██████▍   | 511000/800000 [00:43<00:24, 11819.37 examples/s]Map:  64%|██████▍   | 513000/800000 [00:43<00:24, 11902.09 examples/s]Map:  64%|██████▍   | 515000/800000 [00:43<00:23, 12017.58 examples/s]Map:  65%|██████▍   | 517000/800000 [00:43<00:23, 12123.38 examples/s]Map:  65%|██████▍   | 519000/800000 [00:43<00:23, 12212.04 examples/s]Map:  65%|██████▌   | 521000/800000 [00:43<00:22, 12261.26 examples/s]Map:  65%|██████▌   | 523000/800000 [00:44<00:22, 12333.47 examples/s]Map:  66%|██████▌   | 525000/800000 [00:44<00:22, 12346.73 examples/s]Map:  66%|██████▌   | 527000/800000 [00:44<00:22, 12319.78 examples/s]Map:  66%|██████▌   | 529000/800000 [00:44<00:21, 12385.86 examples/s]Map:  66%|██████▋   | 531000/800000 [00:44<00:21, 12395.96 examples/s]Map:  67%|██████▋   | 533000/800000 [00:44<00:21, 12371.03 examples/s]Map:  67%|██████▋   | 535000/800000 [00:45<00:21, 12392.29 examples/s]Map:  67%|██████▋   | 537000/800000 [00:45<00:21, 12391.23 examples/s]Map:  67%|██████▋   | 539000/800000 [00:45<00:21, 12368.67 examples/s]Map:  68%|██████▊   | 541000/800000 [00:45<00:20, 12388.47 examples/s]Map:  68%|██████▊   | 543000/800000 [00:45<00:21, 12188.71 examples/s]Map:  68%|██████▊   | 545000/800000 [00:45<00:20, 12266.50 examples/s]Map:  68%|██████▊   | 547000/800000 [00:46<00:25, 9783.89 examples/s] Map:  69%|██████▊   | 549000/800000 [00:46<00:24, 10444.15 examples/s]Map:  69%|██████▉   | 551000/800000 [00:46<00:22, 10982.75 examples/s]Map:  69%|██████▉   | 553000/800000 [00:46<00:21, 11377.76 examples/s]Map:  69%|██████▉   | 555000/800000 [00:46<00:20, 11686.32 examples/s]Map:  70%|██████▉   | 557000/800000 [00:46<00:20, 11929.75 examples/s]Map:  70%|██████▉   | 559000/800000 [00:47<00:19, 12115.78 examples/s]Map:  70%|███████   | 561000/800000 [00:47<00:19, 12200.64 examples/s]Map:  70%|███████   | 563000/800000 [00:47<00:19, 12256.29 examples/s]Map:  71%|███████   | 565000/800000 [00:47<00:19, 12348.78 examples/s]Map:  71%|███████   | 567000/800000 [00:47<00:18, 12370.39 examples/s]Map:  71%|███████   | 569000/800000 [00:47<00:18, 12385.93 examples/s]Map:  71%|███████▏  | 571000/800000 [00:48<00:18, 12423.79 examples/s]Map:  72%|███████▏  | 573000/800000 [00:48<00:18, 12425.12 examples/s]Map:  72%|███████▏  | 575000/800000 [00:48<00:18, 12415.25 examples/s]Map:  72%|███████▏  | 577000/800000 [00:48<00:17, 12447.68 examples/s]Map:  72%|███████▏  | 579000/800000 [00:48<00:17, 12441.29 examples/s]Map:  73%|███████▎  | 581000/800000 [00:48<00:17, 12458.41 examples/s]Map:  73%|███████▎  | 583000/800000 [00:49<00:17, 12423.80 examples/s]Map:  73%|███████▎  | 585000/800000 [00:49<00:17, 12437.72 examples/s]Map:  73%|███████▎  | 587000/800000 [00:49<00:17, 12446.69 examples/s]Map:  74%|███████▎  | 589000/800000 [00:49<00:16, 12450.85 examples/s]Map:  74%|███████▍  | 591000/800000 [00:49<00:16, 12482.69 examples/s]Map:  74%|███████▍  | 593000/800000 [00:49<00:16, 12508.67 examples/s]Map:  74%|███████▍  | 595000/800000 [00:50<00:16, 12511.71 examples/s]Map:  75%|███████▍  | 597000/800000 [00:50<00:16, 12509.22 examples/s]Map:  75%|███████▍  | 599000/800000 [00:50<00:16, 12510.63 examples/s]Map:  75%|███████▌  | 601000/800000 [00:50<00:15, 12501.95 examples/s]Map:  75%|███████▌  | 603000/800000 [00:50<00:15, 12500.86 examples/s]Map:  76%|███████▌  | 605000/800000 [00:50<00:15, 12512.17 examples/s]Map:  76%|███████▌  | 607000/800000 [00:50<00:15, 12499.93 examples/s]Map:  76%|███████▌  | 609000/800000 [00:51<00:15, 12520.97 examples/s]Map:  76%|███████▋  | 611000/800000 [00:51<00:15, 12499.26 examples/s]Map:  77%|███████▋  | 613000/800000 [00:51<00:15, 12454.37 examples/s]Map:  77%|███████▋  | 615000/800000 [00:51<00:14, 12455.26 examples/s]Map:  77%|███████▋  | 617000/800000 [00:51<00:14, 12439.45 examples/s]Map:  77%|███████▋  | 619000/800000 [00:51<00:14, 12489.09 examples/s]Map:  78%|███████▊  | 621000/800000 [00:52<00:14, 12479.22 examples/s]Map:  78%|███████▊  | 623000/800000 [00:52<00:14, 12476.82 examples/s]Map:  78%|███████▊  | 625000/800000 [00:52<00:14, 12468.66 examples/s]Map:  78%|███████▊  | 627000/800000 [00:52<00:13, 12455.50 examples/s]Map:  79%|███████▊  | 629000/800000 [00:52<00:13, 12486.43 examples/s]Map:  79%|███████▉  | 631000/800000 [00:52<00:13, 12460.81 examples/s]Map:  79%|███████▉  | 633000/800000 [00:53<00:13, 12467.40 examples/s]Map:  79%|███████▉  | 635000/800000 [00:53<00:13, 12470.03 examples/s]Map:  80%|███████▉  | 637000/800000 [00:53<00:13, 12506.42 examples/s]Map:  80%|███████▉  | 639000/800000 [00:53<00:12, 12474.49 examples/s]Map:  80%|████████  | 641000/800000 [00:53<00:12, 12484.94 examples/s]Map:  80%|████████  | 643000/800000 [00:53<00:12, 12483.38 examples/s]Map:  81%|████████  | 645000/800000 [00:54<00:12, 12478.77 examples/s]Map:  81%|████████  | 647000/800000 [00:54<00:12, 12469.85 examples/s]Map:  81%|████████  | 649000/800000 [00:54<00:12, 12441.84 examples/s]Map:  81%|████████▏ | 651000/800000 [00:54<00:11, 12442.01 examples/s]Map:  82%|████████▏ | 653000/800000 [00:54<00:11, 12449.38 examples/s]Map:  82%|████████▏ | 655000/800000 [00:54<00:11, 12446.24 examples/s]Map:  82%|████████▏ | 657000/800000 [00:54<00:11, 12431.28 examples/s]Map:  82%|████████▏ | 659000/800000 [00:55<00:11, 12443.77 examples/s]Map:  83%|████████▎ | 661000/800000 [00:55<00:12, 10762.03 examples/s]Map:  83%|████████▎ | 663000/800000 [00:55<00:12, 11225.88 examples/s]Map:  83%|████████▎ | 665000/800000 [00:55<00:11, 11575.61 examples/s]Map:  83%|████████▎ | 667000/800000 [00:55<00:11, 11835.43 examples/s]Map:  84%|████████▎ | 669000/800000 [00:56<00:10, 12034.60 examples/s]Map:  84%|████████▍ | 671000/800000 [00:56<00:10, 12144.05 examples/s]Map:  84%|████████▍ | 673000/800000 [00:56<00:10, 12212.19 examples/s]Map:  84%|████████▍ | 675000/800000 [00:56<00:10, 12262.42 examples/s]Map:  85%|████████▍ | 677000/800000 [00:56<00:09, 12341.85 examples/s]Map:  85%|████████▍ | 679000/800000 [00:56<00:09, 12399.05 examples/s]Map:  85%|████████▌ | 681000/800000 [00:57<00:09, 12401.29 examples/s]Map:  85%|████████▌ | 683000/800000 [00:57<00:09, 12261.72 examples/s]Map:  86%|████████▌ | 685000/800000 [00:57<00:09, 12303.89 examples/s]Map:  86%|████████▌ | 687000/800000 [00:57<00:09, 12364.32 examples/s]Map:  86%|████████▌ | 689000/800000 [00:57<00:08, 12389.81 examples/s]Map:  86%|████████▋ | 691000/800000 [00:57<00:08, 12434.52 examples/s]Map:  87%|████████▋ | 693000/800000 [00:57<00:08, 12457.34 examples/s]Map:  87%|████████▋ | 695000/800000 [00:58<00:08, 12457.18 examples/s]Map:  87%|████████▋ | 697000/800000 [00:58<00:08, 12477.71 examples/s]Map:  87%|████████▋ | 699000/800000 [00:58<00:08, 12499.65 examples/s]Map:  88%|████████▊ | 701000/800000 [00:58<00:07, 12487.51 examples/s]Map:  88%|████████▊ | 703000/800000 [00:58<00:07, 12474.27 examples/s]Map:  88%|████████▊ | 705000/800000 [00:58<00:07, 12489.91 examples/s]Map:  88%|████████▊ | 707000/800000 [00:59<00:07, 12478.94 examples/s]Map:  89%|████████▊ | 709000/800000 [00:59<00:07, 12447.06 examples/s]Map:  89%|████████▉ | 711000/800000 [00:59<00:07, 12435.17 examples/s]Map:  89%|████████▉ | 713000/800000 [00:59<00:06, 12441.71 examples/s]Map:  89%|████████▉ | 715000/800000 [00:59<00:06, 12469.24 examples/s]Map:  90%|████████▉ | 717000/800000 [00:59<00:06, 12452.83 examples/s]Map:  90%|████████▉ | 719000/800000 [01:00<00:06, 12477.22 examples/s]Map:  90%|█████████ | 721000/800000 [01:00<00:06, 12483.66 examples/s]Map:  90%|█████████ | 723000/800000 [01:00<00:07, 9875.39 examples/s] Map:  91%|█████████ | 725000/800000 [01:00<00:07, 10509.21 examples/s]Map:  91%|█████████ | 727000/800000 [01:00<00:06, 11035.65 examples/s]Map:  91%|█████████ | 729000/800000 [01:01<00:06, 11426.20 examples/s]Map:  91%|█████████▏| 731000/800000 [01:01<00:05, 11726.32 examples/s]Map:  92%|█████████▏| 733000/800000 [01:01<00:05, 11928.51 examples/s]Map:  92%|█████████▏| 735000/800000 [01:01<00:05, 12068.51 examples/s]Map:  92%|█████████▏| 737000/800000 [01:01<00:05, 12146.47 examples/s]Map:  92%|█████████▏| 739000/800000 [01:01<00:04, 12218.53 examples/s]Map:  93%|█████████▎| 741000/800000 [01:01<00:04, 12293.05 examples/s]Map:  93%|█████████▎| 743000/800000 [01:02<00:04, 12328.49 examples/s]Map:  93%|█████████▎| 745000/800000 [01:02<00:04, 12364.33 examples/s]Map:  93%|█████████▎| 747000/800000 [01:02<00:04, 12396.17 examples/s]Map:  94%|█████████▎| 749000/800000 [01:02<00:04, 12398.11 examples/s]Map:  94%|█████████▍| 751000/800000 [01:02<00:03, 12382.41 examples/s]Map:  94%|█████████▍| 753000/800000 [01:02<00:03, 12422.40 examples/s]Map:  94%|█████████▍| 755000/800000 [01:03<00:03, 12449.51 examples/s]Map:  95%|█████████▍| 757000/800000 [01:03<00:03, 11575.80 examples/s]Map:  95%|█████████▍| 759000/800000 [01:03<00:03, 11694.34 examples/s]Map:  95%|█████████▌| 761000/800000 [01:03<00:03, 11934.11 examples/s]Map:  95%|█████████▌| 763000/800000 [01:03<00:03, 12121.20 examples/s]Map:  96%|█████████▌| 765000/800000 [01:03<00:02, 12216.24 examples/s]Map:  96%|█████████▌| 767000/800000 [01:04<00:02, 12284.51 examples/s]Map:  96%|█████████▌| 769000/800000 [01:04<00:02, 12339.02 examples/s]Map:  96%|█████████▋| 771000/800000 [01:04<00:02, 12391.07 examples/s]Map:  97%|█████████▋| 773000/800000 [01:04<00:02, 12409.07 examples/s]Map:  97%|█████████▋| 775000/800000 [01:04<00:02, 10741.84 examples/s]Map:  97%|█████████▋| 777000/800000 [01:04<00:02, 11191.01 examples/s]Map:  97%|█████████▋| 779000/800000 [01:05<00:01, 11522.35 examples/s]Map:  98%|█████████▊| 781000/800000 [01:05<00:01, 11794.44 examples/s]Map:  98%|█████████▊| 783000/800000 [01:05<00:01, 12010.35 examples/s]Map:  98%|█████████▊| 785000/800000 [01:05<00:01, 12138.88 examples/s]Map:  98%|█████████▊| 787000/800000 [01:05<00:01, 12231.01 examples/s]Map:  99%|█████████▊| 789000/800000 [01:05<00:00, 12291.94 examples/s]Map:  99%|█████████▉| 791000/800000 [01:06<00:00, 12358.54 examples/s]Map:  99%|█████████▉| 793000/800000 [01:06<00:00, 12369.36 examples/s]Map:  99%|█████████▉| 795000/800000 [01:06<00:00, 12392.64 examples/s]Map: 100%|█████████▉| 797000/800000 [01:06<00:00, 12419.87 examples/s]Map: 100%|█████████▉| 799000/800000 [01:06<00:00, 12410.07 examples/s]Map: 100%|██████████| 800000/800000 [01:08<00:00, 11669.24 examples/s]
Map:   0%|          | 0/100000 [00:00<?, ? examples/s]Map:   2%|▏         | 2000/100000 [00:00<00:08, 11610.85 examples/s]Map:   4%|▍         | 4000/100000 [00:00<00:08, 11922.31 examples/s]Map:   6%|▌         | 6000/100000 [00:00<00:07, 12053.71 examples/s]Map:   8%|▊         | 8000/100000 [00:00<00:07, 12099.77 examples/s]Map:  10%|█         | 10000/100000 [00:00<00:07, 12124.66 examples/s]Map:  12%|█▏        | 12000/100000 [00:00<00:07, 12226.26 examples/s]Map:  14%|█▍        | 14000/100000 [00:01<00:07, 12194.87 examples/s]Map:  16%|█▌        | 16000/100000 [00:01<00:06, 12180.66 examples/s]Map:  18%|█▊        | 18000/100000 [00:01<00:06, 12199.87 examples/s]Map:  20%|██        | 20000/100000 [00:01<00:06, 12237.37 examples/s]Map:  22%|██▏       | 22000/100000 [00:01<00:06, 12203.07 examples/s]Map:  24%|██▍       | 24000/100000 [00:01<00:06, 12206.34 examples/s]Map:  26%|██▌       | 26000/100000 [00:02<00:07, 10557.40 examples/s]Map:  28%|██▊       | 28000/100000 [00:02<00:06, 11011.96 examples/s]Map:  30%|███       | 30000/100000 [00:02<00:06, 11342.23 examples/s]Map:  32%|███▏      | 32000/100000 [00:02<00:05, 11571.33 examples/s]Map:  34%|███▍      | 34000/100000 [00:02<00:05, 11768.13 examples/s]Map:  36%|███▌      | 36000/100000 [00:03<00:05, 11749.59 examples/s]Map:  38%|███▊      | 38000/100000 [00:03<00:05, 11889.76 examples/s]Map:  40%|████      | 40000/100000 [00:03<00:05, 11989.61 examples/s]Map:  42%|████▏     | 42000/100000 [00:03<00:04, 12071.85 examples/s]Map:  44%|████▍     | 44000/100000 [00:03<00:04, 12109.29 examples/s]Map:  46%|████▌     | 46000/100000 [00:03<00:04, 12178.84 examples/s]Map:  48%|████▊     | 48000/100000 [00:04<00:04, 12221.48 examples/s]Map:  50%|█████     | 50000/100000 [00:04<00:04, 12205.23 examples/s]Map:  52%|█████▏    | 52000/100000 [00:04<00:03, 12246.94 examples/s]Map:  54%|█████▍    | 54000/100000 [00:04<00:03, 12241.15 examples/s]Map:  56%|█████▌    | 56000/100000 [00:04<00:03, 12226.49 examples/s]Map:  58%|█████▊    | 58000/100000 [00:04<00:03, 12233.17 examples/s]Map:  60%|██████    | 60000/100000 [00:05<00:03, 12108.89 examples/s]Map:  62%|██████▏   | 62000/100000 [00:05<00:03, 12117.68 examples/s]Map:  64%|██████▍   | 64000/100000 [00:05<00:02, 12143.16 examples/s]Map:  66%|██████▌   | 66000/100000 [00:05<00:02, 12160.75 examples/s]Map:  68%|██████▊   | 68000/100000 [00:05<00:02, 12221.30 examples/s]Map:  70%|███████   | 70000/100000 [00:05<00:02, 12192.92 examples/s]Map:  72%|███████▏  | 72000/100000 [00:05<00:02, 12194.79 examples/s]Map:  74%|███████▍  | 74000/100000 [00:06<00:02, 12236.15 examples/s]Map:  76%|███████▌  | 76000/100000 [00:06<00:02, 9895.52 examples/s] Map:  78%|███████▊  | 78000/100000 [00:06<00:02, 10487.53 examples/s]Map:  80%|████████  | 80000/100000 [00:06<00:01, 10950.10 examples/s]Map:  82%|████████▏ | 82000/100000 [00:06<00:01, 11323.28 examples/s]Map:  84%|████████▍ | 84000/100000 [00:07<00:01, 11611.14 examples/s]Map:  86%|████████▌ | 86000/100000 [00:07<00:01, 11767.94 examples/s]Map:  88%|████████▊ | 88000/100000 [00:07<00:01, 11934.72 examples/s]Map:  90%|█████████ | 90000/100000 [00:07<00:00, 12025.54 examples/s]Map:  92%|█████████▏| 92000/100000 [00:07<00:00, 12048.03 examples/s]Map:  94%|█████████▍| 94000/100000 [00:07<00:00, 12117.31 examples/s]Map:  96%|█████████▌| 96000/100000 [00:08<00:00, 12198.80 examples/s]Map:  98%|█████████▊| 98000/100000 [00:08<00:00, 12219.13 examples/s]Map: 100%|██████████| 100000/100000 [00:08<00:00, 12208.61 examples/s]Map: 100%|██████████| 100000/100000 [00:09<00:00, 10850.74 examples/s]
Map:   0%|          | 0/100000 [00:00<?, ? examples/s]Map:   2%|▏         | 2000/100000 [00:00<00:08, 11613.97 examples/s]Map:   4%|▍         | 4000/100000 [00:00<00:08, 11921.35 examples/s]Map:   6%|▌         | 6000/100000 [00:00<00:07, 12104.06 examples/s]Map:   8%|▊         | 8000/100000 [00:00<00:07, 12187.84 examples/s]Map:  10%|█         | 10000/100000 [00:00<00:07, 12194.96 examples/s]Map:  12%|█▏        | 12000/100000 [00:00<00:07, 12209.88 examples/s]Map:  14%|█▍        | 14000/100000 [00:01<00:07, 12238.75 examples/s]Map:  16%|█▌        | 16000/100000 [00:01<00:06, 12221.77 examples/s]Map:  18%|█▊        | 18000/100000 [00:01<00:06, 12245.25 examples/s]Map:  20%|██        | 20000/100000 [00:01<00:07, 10582.81 examples/s]Map:  22%|██▏       | 22000/100000 [00:01<00:07, 11039.69 examples/s]Map:  24%|██▍       | 24000/100000 [00:02<00:06, 11395.94 examples/s]Map:  26%|██▌       | 26000/100000 [00:02<00:06, 11648.05 examples/s]Map:  28%|██▊       | 28000/100000 [00:02<00:06, 11856.39 examples/s]Map:  30%|███       | 30000/100000 [00:02<00:05, 12003.93 examples/s]Map:  32%|███▏      | 32000/100000 [00:02<00:05, 12107.22 examples/s]Map:  34%|███▍      | 34000/100000 [00:02<00:05, 12153.87 examples/s]Map:  36%|███▌      | 36000/100000 [00:03<00:05, 12220.81 examples/s]Map:  38%|███▊      | 38000/100000 [00:03<00:05, 12244.83 examples/s]Map:  40%|████      | 40000/100000 [00:03<00:04, 12264.54 examples/s]Map:  42%|████▏     | 42000/100000 [00:03<00:04, 12269.92 examples/s]Map:  44%|████▍     | 44000/100000 [00:03<00:04, 12268.12 examples/s]Map:  46%|████▌     | 46000/100000 [00:03<00:04, 12292.58 examples/s]Map:  48%|████▊     | 48000/100000 [00:04<00:04, 12120.83 examples/s]Map:  50%|█████     | 50000/100000 [00:04<00:04, 12187.62 examples/s]Map:  52%|█████▏    | 52000/100000 [00:04<00:03, 12299.35 examples/s]Map:  54%|█████▍    | 54000/100000 [00:04<00:03, 12374.65 examples/s]Map:  56%|█████▌    | 56000/100000 [00:04<00:03, 12372.30 examples/s]Map:  58%|█████▊    | 58000/100000 [00:04<00:03, 12359.49 examples/s]Map:  60%|██████    | 60000/100000 [00:04<00:03, 12369.95 examples/s]Map:  62%|██████▏   | 62000/100000 [00:05<00:03, 12356.86 examples/s]Map:  64%|██████▍   | 64000/100000 [00:05<00:02, 12381.73 examples/s]Map:  66%|██████▌   | 66000/100000 [00:05<00:02, 12402.74 examples/s]Map:  68%|██████▊   | 68000/100000 [00:05<00:02, 12393.34 examples/s]Map:  70%|███████   | 70000/100000 [00:05<00:02, 12397.75 examples/s]Map:  72%|███████▏  | 72000/100000 [00:05<00:02, 12392.08 examples/s]Map:  74%|███████▍  | 74000/100000 [00:06<00:02, 12417.65 examples/s]Map:  76%|███████▌  | 76000/100000 [00:06<00:01, 12384.47 examples/s]Map:  78%|███████▊  | 78000/100000 [00:06<00:01, 12397.99 examples/s]Map:  80%|████████  | 80000/100000 [00:06<00:01, 12382.10 examples/s]Map:  82%|████████▏ | 82000/100000 [00:06<00:01, 12379.86 examples/s]Map:  84%|████████▍ | 84000/100000 [00:06<00:01, 12395.37 examples/s]Map:  86%|████████▌ | 86000/100000 [00:07<00:01, 12404.55 examples/s]Map:  88%|████████▊ | 88000/100000 [00:07<00:00, 12384.19 examples/s]Map:  90%|█████████ | 90000/100000 [00:07<00:00, 12409.79 examples/s]Map:  92%|█████████▏| 92000/100000 [00:07<00:00, 12408.05 examples/s]Map:  94%|█████████▍| 94000/100000 [00:07<00:00, 12340.47 examples/s]Map:  96%|█████████▌| 96000/100000 [00:07<00:00, 12345.13 examples/s]Map:  98%|█████████▊| 98000/100000 [00:08<00:00, 12407.83 examples/s]Map: 100%|██████████| 100000/100000 [00:08<00:00, 12387.43 examples/s]Map: 100%|██████████| 100000/100000 [00:10<00:00, 9797.66 examples/s] 
Traceback (most recent call last):
  File "/home/11864265/miniconda3/envs/basic310/lib/python3.10/site-packages/urllib3/connectionpool.py", line 537, in _make_request
    response = conn.getresponse()
  File "/home/11864265/miniconda3/envs/basic310/lib/python3.10/site-packages/urllib3/connection.py", line 466, in getresponse
    httplib_response = super().getresponse()
  File "/home/11864265/miniconda3/envs/basic310/lib/python3.10/http/client.py", line 1374, in getresponse
    response.begin()
  File "/home/11864265/miniconda3/envs/basic310/lib/python3.10/http/client.py", line 318, in begin
    version, status, reason = self._read_status()
  File "/home/11864265/miniconda3/envs/basic310/lib/python3.10/http/client.py", line 279, in _read_status
    line = str(self.fp.readline(_MAXLINE + 1), "iso-8859-1")
  File "/home/11864265/miniconda3/envs/basic310/lib/python3.10/socket.py", line 705, in readinto
    return self._sock.recv_into(b)
  File "/home/11864265/miniconda3/envs/basic310/lib/python3.10/ssl.py", line 1274, in recv_into
    return self.read(nbytes, buffer)
  File "/home/11864265/miniconda3/envs/basic310/lib/python3.10/ssl.py", line 1130, in read
    return self._sslobj.read(len, buffer)
TimeoutError: The read operation timed out

The above exception was the direct cause of the following exception:

Traceback (most recent call last):
  File "/home/11864265/miniconda3/envs/basic310/lib/python3.10/site-packages/requests/adapters.py", line 486, in send
    resp = conn.urlopen(
  File "/home/11864265/miniconda3/envs/basic310/lib/python3.10/site-packages/urllib3/connectionpool.py", line 847, in urlopen
    retries = retries.increment(
  File "/home/11864265/miniconda3/envs/basic310/lib/python3.10/site-packages/urllib3/util/retry.py", line 470, in increment
    raise reraise(type(error), error, _stacktrace)
  File "/home/11864265/miniconda3/envs/basic310/lib/python3.10/site-packages/urllib3/util/util.py", line 39, in reraise
    raise value
  File "/home/11864265/miniconda3/envs/basic310/lib/python3.10/site-packages/urllib3/connectionpool.py", line 793, in urlopen
    response = self._make_request(
  File "/home/11864265/miniconda3/envs/basic310/lib/python3.10/site-packages/urllib3/connectionpool.py", line 539, in _make_request
    self._raise_timeout(err=e, url=url, timeout_value=read_timeout)
  File "/home/11864265/miniconda3/envs/basic310/lib/python3.10/site-packages/urllib3/connectionpool.py", line 370, in _raise_timeout
    raise ReadTimeoutError(
urllib3.exceptions.ReadTimeoutError: HTTPSConnectionPool(host='huggingface.co', port=443): Read timed out. (read timeout=10)

During handling of the above exception, another exception occurred:

Traceback (most recent call last):
  File "/home/11864265/miniconda3/envs/basic310/lib/python3.10/site-packages/huggingface_hub/file_download.py", line 1261, in hf_hub_download
    metadata = get_hf_file_metadata(
  File "/home/11864265/miniconda3/envs/basic310/lib/python3.10/site-packages/huggingface_hub/utils/_validators.py", line 119, in _inner_fn
    return fn(*args, **kwargs)
  File "/home/11864265/miniconda3/envs/basic310/lib/python3.10/site-packages/huggingface_hub/file_download.py", line 1674, in get_hf_file_metadata
    r = _request_wrapper(
  File "/home/11864265/miniconda3/envs/basic310/lib/python3.10/site-packages/huggingface_hub/file_download.py", line 369, in _request_wrapper
    response = _request_wrapper(
  File "/home/11864265/miniconda3/envs/basic310/lib/python3.10/site-packages/huggingface_hub/file_download.py", line 392, in _request_wrapper
    response = get_session().request(method=method, url=url, **params)
  File "/home/11864265/miniconda3/envs/basic310/lib/python3.10/site-packages/requests/sessions.py", line 589, in request
    resp = self.send(prep, **send_kwargs)
  File "/home/11864265/miniconda3/envs/basic310/lib/python3.10/site-packages/requests/sessions.py", line 703, in send
    r = adapter.send(request, **kwargs)
  File "/home/11864265/miniconda3/envs/basic310/lib/python3.10/site-packages/huggingface_hub/utils/_http.py", line 68, in send
    return super().send(request, *args, **kwargs)
  File "/home/11864265/miniconda3/envs/basic310/lib/python3.10/site-packages/requests/adapters.py", line 532, in send
    raise ReadTimeout(e, request=request)
requests.exceptions.ReadTimeout: (ReadTimeoutError("HTTPSConnectionPool(host='huggingface.co', port=443): Read timed out. (read timeout=10)"), '(Request ID: f74f88a1-4e06-4501-acb0-ac4adcb1ce7c)')

The above exception was the direct cause of the following exception:

Traceback (most recent call last):
  File "/home/11864265/miniconda3/envs/basic310/lib/python3.10/site-packages/transformers/utils/hub.py", line 429, in cached_file
    resolved_file = hf_hub_download(
  File "/home/11864265/miniconda3/envs/basic310/lib/python3.10/site-packages/huggingface_hub/utils/_validators.py", line 119, in _inner_fn
    return fn(*args, **kwargs)
  File "/home/11864265/miniconda3/envs/basic310/lib/python3.10/site-packages/huggingface_hub/file_download.py", line 1406, in hf_hub_download
    raise LocalEntryNotFoundError(
huggingface_hub.utils._errors.LocalEntryNotFoundError: An error happened while trying to locate the file on the Hub and we cannot find the requested files in the local cache. Please check your connection and try again or make sure your Internet connection is on.

The above exception was the direct cause of the following exception:

Traceback (most recent call last):
  File "/home/11864265/Documents/thesis_code/retrain/main.py", line 178, in <module>
    main(args)
  File "/home/11864265/Documents/thesis_code/retrain/main.py", line 100, in main
    model = initialize_model(
  File "/home/11864265/Documents/thesis_code/retrain/model.py", line 13, in initialize_model
    config = AutoConfig.from_pretrained(
  File "/home/11864265/miniconda3/envs/basic310/lib/python3.10/site-packages/transformers/models/auto/configuration_auto.py", line 1023, in from_pretrained
    config_dict, unused_kwargs = PretrainedConfig.get_config_dict(pretrained_model_name_or_path, **kwargs)
  File "/home/11864265/miniconda3/envs/basic310/lib/python3.10/site-packages/transformers/configuration_utils.py", line 620, in get_config_dict
    config_dict, kwargs = cls._get_config_dict(pretrained_model_name_or_path, **kwargs)
  File "/home/11864265/miniconda3/envs/basic310/lib/python3.10/site-packages/transformers/configuration_utils.py", line 675, in _get_config_dict
    resolved_config_file = cached_file(
  File "/home/11864265/miniconda3/envs/basic310/lib/python3.10/site-packages/transformers/utils/hub.py", line 469, in cached_file
    raise EnvironmentError(
OSError: We couldn't connect to 'https://huggingface.co' to load this file, couldn't find it in the cached files and it looks like phueb/BabyBERTa-1 is not the path to a directory containing a file named config.json.
Checkout your internet connection or see how to run the library in offline mode at 'https://huggingface.co/docs/transformers/installation#offline-mode'.
srun: error: fnwi-cn005: task 0: Exited with exit code 1
